<?xml version="1.0" encoding="UTF-8"?>
<testng-results total="1" passed="1" failed="0" skipped="0">
  <reporter-output>
  </reporter-output>
  <suite started-at="2021-06-27T05:40:36Z" name="BDD Test Suite" finished-at="2021-06-27T05:41:02Z" duration-ms="26494">
    <groups>
      <group name="cucumber">
        <method signature="TestRunner.feature(cucumber.api.testng.CucumberFeatureWrapper)[pri:0, instance:com.cucunber.testRunner.TestRunner@26b3fd41]" name="feature" class="com.cucunber.testRunner.TestRunner"/>
      </group> <!-- cucumber -->
    </groups>
    <test started-at="2021-06-27T05:40:36Z" name="Regression Test" finished-at="2021-06-27T05:41:02Z" duration-ms="26494">
      <class name="com.cucunber.testRunner.TestRunner">
        <test-method is-config="true" signature="setUpClass()[pri:0, instance:com.cucunber.testRunner.TestRunner@26b3fd41]" started-at="2021-06-27T11:10:36Z" name="setUpClass" finished-at="2021-06-27T11:10:36Z" duration-ms="329" status="PASS">
          <reporter-output>
          </reporter-output>
        </test-method> <!-- setUpClass -->
        <test-method signature="feature(cucumber.api.testng.CucumberFeatureWrapper)[pri:0, instance:com.cucunber.testRunner.TestRunner@26b3fd41]" started-at="2021-06-27T11:10:36Z" name="feature" description="Runs cucmber Features" data-provider="features" finished-at="2021-06-27T11:11:02Z" duration-ms="26015" status="PASS">
          <params>
            <param index="0">
              <value>
                <![CDATA[Perform login operation]]>
              </value>
            </param>
          </params>
          <reporter-output>
          </reporter-output>
        </test-method> <!-- feature -->
        <test-method is-config="true" signature="testDownClass()[pri:0, instance:com.cucunber.testRunner.TestRunner@26b3fd41]" started-at="2021-06-27T11:11:02Z" name="testDownClass" finished-at="2021-06-27T11:11:02Z" duration-ms="28" status="PASS">
          <reporter-output>
          </reporter-output>
        </test-method> <!-- testDownClass -->
      </class> <!-- com.cucunber.testRunner.TestRunner -->
    </test> <!-- Regression Test -->
  </suite> <!-- BDD Test Suite -->
</testng-results>
